<?xml version="1.0" encoding="UTF-8"?>
<!-- Generated by org.testng.reporters.JUnitReportReporter -->
<testsuite hostname="DESKTOP-POQVTKO" failures="0" tests="1" name="coverFoxTest.TC1234_CoverFox_ValidateBannerCount" time="13.220" errors="0" timestamp="2024-10-20T05:22:13 GMT-07:00" skipped="0">
  <testcase classname="coverFoxTest.TC1234_CoverFox_ValidateBannerCount" name="validatePolicycCount" time="13.220">
    <system-out>
      <![CDATA[Getting policy count from text displayed
Getting policy count from banners displayed
TcvalidatePolicycCountPassed]]>
    </system-out>
  </testcase> <!-- validatePolicycCount -->
  <system-out>
    <![CDATA[Browser window is maximizing
Launching browser
Clicking on Gender button
Clicking on Next button
Handling Age drop down 
Clicking on Next button on memberdetails page
Entering pin code
Entering Mno
Clicking on conitinue button
Getting policy count from text displayed
Getting policy count from banners displayed
TcvalidatePolicycCountPassed
Closing  browser]]>
  </system-out>
</testsuite> <!-- coverFoxTest.TC1234_CoverFox_ValidateBannerCount -->
